<?xml version="1.0" encoding="UTF-8"?>
<robot generator="Robot 6.1.1 (Python 3.12.2 on darwin)" generated="20240426 20:33:23.906" rpa="false" schemaversion="4">
<suite id="s1" name="Tests" source="/Users/laura/kurssit/ohjelmistotuotanto/palautusrepositorio/osa3/login-robot/src/tests">
<suite id="s1-s1" name="Login" source="/Users/laura/kurssit/ohjelmistotuotanto/palautusrepositorio/osa3/login-robot/src/tests/login.robot">
<test id="s1-s1-t1" name="Login With Correct Credentials" line="6">
<kw name="Create User And Input Login Command" type="SETUP">
<kw name="Create User" library="AppLibrary">
<arg>kalle</arg>
<arg>kalle123</arg>
<status status="PASS" starttime="20240426 20:33:23.956" endtime="20240426 20:33:23.957"/>
</kw>
<kw name="Input Login Command" library="resource">
<kw name="Input" library="AppLibrary">
<arg>login</arg>
<status status="PASS" starttime="20240426 20:33:23.957" endtime="20240426 20:33:23.957"/>
</kw>
<status status="PASS" starttime="20240426 20:33:23.957" endtime="20240426 20:33:23.957"/>
</kw>
<status status="PASS" starttime="20240426 20:33:23.956" endtime="20240426 20:33:23.957"/>
</kw>
<kw name="Input Credentials" library="resource">
<arg>kalle</arg>
<arg>kalle123</arg>
<kw name="Input" library="AppLibrary">
<arg>${username}</arg>
<status status="PASS" starttime="20240426 20:33:23.958" endtime="20240426 20:33:23.958"/>
</kw>
<kw name="Input" library="AppLibrary">
<arg>${password}</arg>
<status status="PASS" starttime="20240426 20:33:23.959" endtime="20240426 20:33:23.959"/>
</kw>
<kw name="Run Application" library="AppLibrary">
<status status="PASS" starttime="20240426 20:33:23.959" endtime="20240426 20:33:23.959"/>
</kw>
<status status="PASS" starttime="20240426 20:33:23.958" endtime="20240426 20:33:23.959"/>
</kw>
<kw name="Output Should Contain" library="AppLibrary">
<arg>Logged in</arg>
<status status="PASS" starttime="20240426 20:33:23.959" endtime="20240426 20:33:23.960"/>
</kw>
<status status="PASS" starttime="20240426 20:33:23.955" endtime="20240426 20:33:23.960"/>
</test>
<test id="s1-s1-t2" name="Login With Incorrect Password" line="10">
<kw name="Create User And Input Login Command" type="SETUP">
<kw name="Create User" library="AppLibrary">
<arg>kalle</arg>
<arg>kalle123</arg>
<status status="PASS" starttime="20240426 20:33:23.961" endtime="20240426 20:33:23.961"/>
</kw>
<kw name="Input Login Command" library="resource">
<kw name="Input" library="AppLibrary">
<arg>login</arg>
<status status="PASS" starttime="20240426 20:33:23.962" endtime="20240426 20:33:23.962"/>
</kw>
<status status="PASS" starttime="20240426 20:33:23.961" endtime="20240426 20:33:23.962"/>
</kw>
<status status="PASS" starttime="20240426 20:33:23.961" endtime="20240426 20:33:23.962"/>
</kw>
<kw name="Input Credentials" library="resource">
<arg>kalle</arg>
<arg>vaarasalasana1</arg>
<kw name="Input" library="AppLibrary">
<arg>${username}</arg>
<status status="PASS" starttime="20240426 20:33:23.962" endtime="20240426 20:33:23.962"/>
</kw>
<kw name="Input" library="AppLibrary">
<arg>${password}</arg>
<status status="PASS" starttime="20240426 20:33:23.962" endtime="20240426 20:33:23.963"/>
</kw>
<kw name="Run Application" library="AppLibrary">
<status status="PASS" starttime="20240426 20:33:23.963" endtime="20240426 20:33:23.963"/>
</kw>
<status status="PASS" starttime="20240426 20:33:23.962" endtime="20240426 20:33:23.963"/>
</kw>
<kw name="Output Should Contain" library="AppLibrary">
<arg>Invalid username or password</arg>
<status status="PASS" starttime="20240426 20:33:23.963" endtime="20240426 20:33:23.963"/>
</kw>
<status status="PASS" starttime="20240426 20:33:23.960" endtime="20240426 20:33:23.964"/>
</test>
<test id="s1-s1-t3" name="Login With Nonexistent Username" line="14">
<kw name="Create User And Input Login Command" type="SETUP">
<kw name="Create User" library="AppLibrary">
<arg>kalle</arg>
<arg>kalle123</arg>
<status status="PASS" starttime="20240426 20:33:23.965" endtime="20240426 20:33:23.965"/>
</kw>
<kw name="Input Login Command" library="resource">
<kw name="Input" library="AppLibrary">
<arg>login</arg>
<status status="PASS" starttime="20240426 20:33:23.966" endtime="20240426 20:33:23.966"/>
</kw>
<status status="PASS" starttime="20240426 20:33:23.965" endtime="20240426 20:33:23.966"/>
</kw>
<status status="PASS" starttime="20240426 20:33:23.965" endtime="20240426 20:33:23.966"/>
</kw>
<kw name="Input Credentials" library="resource">
<arg>eiolemassa</arg>
<arg>kalle123</arg>
<kw name="Input" library="AppLibrary">
<arg>${username}</arg>
<status status="PASS" starttime="20240426 20:33:23.967" endtime="20240426 20:33:23.967"/>
</kw>
<kw name="Input" library="AppLibrary">
<arg>${password}</arg>
<status status="PASS" starttime="20240426 20:33:23.967" endtime="20240426 20:33:23.967"/>
</kw>
<kw name="Run Application" library="AppLibrary">
<status status="PASS" starttime="20240426 20:33:23.967" endtime="20240426 20:33:23.968"/>
</kw>
<status status="PASS" starttime="20240426 20:33:23.966" endtime="20240426 20:33:23.968"/>
</kw>
<kw name="Output Should Contain" library="AppLibrary">
<arg>Invalid username or password</arg>
<status status="PASS" starttime="20240426 20:33:23.968" endtime="20240426 20:33:23.968"/>
</kw>
<status status="PASS" starttime="20240426 20:33:23.964" endtime="20240426 20:33:23.968"/>
</test>
<status status="PASS" starttime="20240426 20:33:23.942" endtime="20240426 20:33:23.969"/>
</suite>
<suite id="s1-s2" name="Register" source="/Users/laura/kurssit/ohjelmistotuotanto/palautusrepositorio/osa3/login-robot/src/tests/register.robot">
<test id="s1-s2-t1" name="Register With Valid Username And Password" line="8">
<kw name="Create User And Input Register Command" type="SETUP">
<kw name="Create User" library="AppLibrary">
<arg>kalle</arg>
<arg>kalle123</arg>
<status status="PASS" starttime="20240426 20:33:23.974" endtime="20240426 20:33:23.974"/>
</kw>
<kw name="Input Register Command" library="resource">
<kw name="Input" library="AppLibrary">
<arg>register</arg>
<status status="PASS" starttime="20240426 20:33:23.975" endtime="20240426 20:33:23.975"/>
</kw>
<status status="PASS" starttime="20240426 20:33:23.975" endtime="20240426 20:33:23.975"/>
</kw>
<status status="PASS" starttime="20240426 20:33:23.974" endtime="20240426 20:33:23.975"/>
</kw>
<kw name="Input Register Command" library="resource">
<kw name="Input" library="AppLibrary">
<arg>register</arg>
<status status="PASS" starttime="20240426 20:33:23.976" endtime="20240426 20:33:23.976"/>
</kw>
<status status="PASS" starttime="20240426 20:33:23.975" endtime="20240426 20:33:23.976"/>
</kw>
<kw name="Input Credentials" library="resource">
<arg>valid_user</arg>
<arg>valid_password</arg>
<kw name="Input" library="AppLibrary">
<arg>${username}</arg>
<status status="PASS" starttime="20240426 20:33:23.976" endtime="20240426 20:33:23.977"/>
</kw>
<kw name="Input" library="AppLibrary">
<arg>${password}</arg>
<status status="PASS" starttime="20240426 20:33:23.977" endtime="20240426 20:33:23.977"/>
</kw>
<kw name="Run Application" library="AppLibrary">
<status status="PASS" starttime="20240426 20:33:23.977" endtime="20240426 20:33:23.977"/>
</kw>
<status status="PASS" starttime="20240426 20:33:23.976" endtime="20240426 20:33:23.977"/>
</kw>
<kw name="Output Should Contain" library="AppLibrary">
<arg>User registered successfully</arg>
<msg timestamp="20240426 20:33:23.978" level="FAIL">Output "User registered successfully" is not in []</msg>
<status status="FAIL" starttime="20240426 20:33:23.977" endtime="20240426 20:33:23.978"/>
</kw>
<status status="FAIL" starttime="20240426 20:33:23.973" endtime="20240426 20:33:23.979">Output "User registered successfully" is not in []</status>
</test>
<test id="s1-s2-t2" name="Register With Already Taken Username And Valid Password" line="15">
<kw name="Create User And Input Register Command" type="SETUP">
<kw name="Create User" library="AppLibrary">
<arg>kalle</arg>
<arg>kalle123</arg>
<status status="PASS" starttime="20240426 20:33:23.980" endtime="20240426 20:33:23.980"/>
</kw>
<kw name="Input Register Command" library="resource">
<kw name="Input" library="AppLibrary">
<arg>register</arg>
<status status="PASS" starttime="20240426 20:33:23.981" endtime="20240426 20:33:23.981"/>
</kw>
<status status="PASS" starttime="20240426 20:33:23.980" endtime="20240426 20:33:23.981"/>
</kw>
<status status="PASS" starttime="20240426 20:33:23.980" endtime="20240426 20:33:23.981"/>
</kw>
<kw name="Input Register Command" library="resource">
<kw name="Input" library="AppLibrary">
<arg>register</arg>
<status status="PASS" starttime="20240426 20:33:23.982" endtime="20240426 20:33:23.982"/>
</kw>
<status status="PASS" starttime="20240426 20:33:23.982" endtime="20240426 20:33:23.982"/>
</kw>
<kw name="Input Credentials" library="resource">
<arg>existing_user</arg>
<arg>valid_password</arg>
<kw name="Input" library="AppLibrary">
<arg>${username}</arg>
<status status="PASS" starttime="20240426 20:33:23.983" endtime="20240426 20:33:23.983"/>
</kw>
<kw name="Input" library="AppLibrary">
<arg>${password}</arg>
<status status="PASS" starttime="20240426 20:33:23.983" endtime="20240426 20:33:23.984"/>
</kw>
<kw name="Run Application" library="AppLibrary">
<status status="PASS" starttime="20240426 20:33:23.984" endtime="20240426 20:33:23.984"/>
</kw>
<status status="PASS" starttime="20240426 20:33:23.983" endtime="20240426 20:33:23.984"/>
</kw>
<kw name="Output Should Contain" library="AppLibrary">
<arg>Username already taken</arg>
<msg timestamp="20240426 20:33:23.985" level="FAIL">Output "Username already taken" is not in []</msg>
<status status="FAIL" starttime="20240426 20:33:23.984" endtime="20240426 20:33:23.985"/>
</kw>
<status status="FAIL" starttime="20240426 20:33:23.979" endtime="20240426 20:33:23.985">Output "Username already taken" is not in []</status>
</test>
<test id="s1-s2-t3" name="Register With Too Short Username And Valid Password" line="20">
<kw name="Create User And Input Register Command" type="SETUP">
<kw name="Create User" library="AppLibrary">
<arg>kalle</arg>
<arg>kalle123</arg>
<status status="PASS" starttime="20240426 20:33:23.987" endtime="20240426 20:33:23.987"/>
</kw>
<kw name="Input Register Command" library="resource">
<kw name="Input" library="AppLibrary">
<arg>register</arg>
<status status="PASS" starttime="20240426 20:33:23.988" endtime="20240426 20:33:23.988"/>
</kw>
<status status="PASS" starttime="20240426 20:33:23.987" endtime="20240426 20:33:23.988"/>
</kw>
<status status="PASS" starttime="20240426 20:33:23.986" endtime="20240426 20:33:23.988"/>
</kw>
<kw name="Input Register Command" library="resource">
<kw name="Input" library="AppLibrary">
<arg>register</arg>
<status status="PASS" starttime="20240426 20:33:23.988" endtime="20240426 20:33:23.989"/>
</kw>
<status status="PASS" starttime="20240426 20:33:23.988" endtime="20240426 20:33:23.989"/>
</kw>
<kw name="Input Credentials" library="resource">
<arg>ab</arg>
<arg>valid_password</arg>
<kw name="Input" library="AppLibrary">
<arg>${username}</arg>
<status status="PASS" starttime="20240426 20:33:23.990" endtime="20240426 20:33:23.990"/>
</kw>
<kw name="Input" library="AppLibrary">
<arg>${password}</arg>
<status status="PASS" starttime="20240426 20:33:23.990" endtime="20240426 20:33:23.990"/>
</kw>
<kw name="Run Application" library="AppLibrary">
<status status="PASS" starttime="20240426 20:33:23.990" endtime="20240426 20:33:23.991"/>
</kw>
<status status="PASS" starttime="20240426 20:33:23.989" endtime="20240426 20:33:23.991"/>
</kw>
<kw name="Output Should Contain" library="AppLibrary">
<arg>Username must be at least 3 characters long</arg>
<msg timestamp="20240426 20:33:23.992" level="FAIL">Output "Username must be at least 3 characters long" is not in []</msg>
<status status="FAIL" starttime="20240426 20:33:23.991" endtime="20240426 20:33:23.992"/>
</kw>
<status status="FAIL" starttime="20240426 20:33:23.986" endtime="20240426 20:33:23.992">Output "Username must be at least 3 characters long" is not in []</status>
</test>
<test id="s1-s2-t4" name="Register With Enough Long But Invalid Username And Valid Password" line="25">
<kw name="Create User And Input Register Command" type="SETUP">
<kw name="Create User" library="AppLibrary">
<arg>kalle</arg>
<arg>kalle123</arg>
<status status="PASS" starttime="20240426 20:33:23.993" endtime="20240426 20:33:23.993"/>
</kw>
<kw name="Input Register Command" library="resource">
<kw name="Input" library="AppLibrary">
<arg>register</arg>
<status status="PASS" starttime="20240426 20:33:23.994" endtime="20240426 20:33:23.994"/>
</kw>
<status status="PASS" starttime="20240426 20:33:23.993" endtime="20240426 20:33:23.994"/>
</kw>
<status status="PASS" starttime="20240426 20:33:23.993" endtime="20240426 20:33:23.994"/>
</kw>
<kw name="Input Register Command" library="resource">
<kw name="Input" library="AppLibrary">
<arg>register</arg>
<status status="PASS" starttime="20240426 20:33:23.995" endtime="20240426 20:33:23.995"/>
</kw>
<status status="PASS" starttime="20240426 20:33:23.994" endtime="20240426 20:33:23.995"/>
</kw>
<kw name="Input Credentials" library="resource">
<arg>invalid_user</arg>
<arg>valid_password</arg>
<kw name="Input" library="AppLibrary">
<arg>${username}</arg>
<status status="PASS" starttime="20240426 20:33:23.996" endtime="20240426 20:33:23.996"/>
</kw>
<kw name="Input" library="AppLibrary">
<arg>${password}</arg>
<status status="PASS" starttime="20240426 20:33:23.996" endtime="20240426 20:33:23.996"/>
</kw>
<kw name="Run Application" library="AppLibrary">
<status status="PASS" starttime="20240426 20:33:23.996" endtime="20240426 20:33:23.997"/>
</kw>
<status status="PASS" starttime="20240426 20:33:23.995" endtime="20240426 20:33:23.997"/>
</kw>
<kw name="Output Should Contain" library="AppLibrary">
<arg>Invalid characters in username</arg>
<msg timestamp="20240426 20:33:23.997" level="FAIL">Output "Invalid characters in username" is not in []</msg>
<status status="FAIL" starttime="20240426 20:33:23.997" endtime="20240426 20:33:23.998"/>
</kw>
<status status="FAIL" starttime="20240426 20:33:23.992" endtime="20240426 20:33:23.998">Output "Invalid characters in username" is not in []</status>
</test>
<test id="s1-s2-t5" name="Register With Valid Username And Too Short Password" line="30">
<kw name="Create User And Input Register Command" type="SETUP">
<kw name="Create User" library="AppLibrary">
<arg>kalle</arg>
<arg>kalle123</arg>
<status status="PASS" starttime="20240426 20:33:23.999" endtime="20240426 20:33:24.000"/>
</kw>
<kw name="Input Register Command" library="resource">
<kw name="Input" library="AppLibrary">
<arg>register</arg>
<status status="PASS" starttime="20240426 20:33:24.000" endtime="20240426 20:33:24.001"/>
</kw>
<status status="PASS" starttime="20240426 20:33:24.000" endtime="20240426 20:33:24.001"/>
</kw>
<status status="PASS" starttime="20240426 20:33:23.999" endtime="20240426 20:33:24.001"/>
</kw>
<kw name="Input Register Command" library="resource">
<kw name="Input" library="AppLibrary">
<arg>register</arg>
<status status="PASS" starttime="20240426 20:33:24.001" endtime="20240426 20:33:24.002"/>
</kw>
<status status="PASS" starttime="20240426 20:33:24.001" endtime="20240426 20:33:24.002"/>
</kw>
<kw name="Input Credentials" library="resource">
<arg>new_user</arg>
<arg>short</arg>
<kw name="Input" library="AppLibrary">
<arg>${username}</arg>
<status status="PASS" starttime="20240426 20:33:24.002" endtime="20240426 20:33:24.003"/>
</kw>
<kw name="Input" library="AppLibrary">
<arg>${password}</arg>
<status status="PASS" starttime="20240426 20:33:24.003" endtime="20240426 20:33:24.003"/>
</kw>
<kw name="Run Application" library="AppLibrary">
<status status="PASS" starttime="20240426 20:33:24.003" endtime="20240426 20:33:24.003"/>
</kw>
<status status="PASS" starttime="20240426 20:33:24.002" endtime="20240426 20:33:24.004"/>
</kw>
<kw name="Output Should Contain" library="AppLibrary">
<arg>Password must be at least 6 characters long</arg>
<msg timestamp="20240426 20:33:24.004" level="FAIL">Output "Password must be at least 6 characters long" is not in []</msg>
<status status="FAIL" starttime="20240426 20:33:24.004" endtime="20240426 20:33:24.004"/>
</kw>
<status status="FAIL" starttime="20240426 20:33:23.998" endtime="20240426 20:33:24.005">Output "Password must be at least 6 characters long" is not in []</status>
</test>
<test id="s1-s2-t6" name="Register With Valid Username And Long Enough Password Containing Only Letters" line="35">
<kw name="Create User And Input Register Command" type="SETUP">
<kw name="Create User" library="AppLibrary">
<arg>kalle</arg>
<arg>kalle123</arg>
<status status="PASS" starttime="20240426 20:33:24.006" endtime="20240426 20:33:24.006"/>
</kw>
<kw name="Input Register Command" library="resource">
<kw name="Input" library="AppLibrary">
<arg>register</arg>
<status status="PASS" starttime="20240426 20:33:24.006" endtime="20240426 20:33:24.007"/>
</kw>
<status status="PASS" starttime="20240426 20:33:24.006" endtime="20240426 20:33:24.007"/>
</kw>
<status status="PASS" starttime="20240426 20:33:24.006" endtime="20240426 20:33:24.007"/>
</kw>
<kw name="Input Register Command" library="resource">
<kw name="Input" library="AppLibrary">
<arg>register</arg>
<status status="PASS" starttime="20240426 20:33:24.007" endtime="20240426 20:33:24.007"/>
</kw>
<status status="PASS" starttime="20240426 20:33:24.007" endtime="20240426 20:33:24.007"/>
</kw>
<kw name="Input Credentials" library="resource">
<arg>another_user</arg>
<arg>longpassword</arg>
<kw name="Input" library="AppLibrary">
<arg>${username}</arg>
<status status="PASS" starttime="20240426 20:33:24.008" endtime="20240426 20:33:24.008"/>
</kw>
<kw name="Input" library="AppLibrary">
<arg>${password}</arg>
<status status="PASS" starttime="20240426 20:33:24.008" endtime="20240426 20:33:24.008"/>
</kw>
<kw name="Run Application" library="AppLibrary">
<status status="PASS" starttime="20240426 20:33:24.008" endtime="20240426 20:33:24.008"/>
</kw>
<status status="PASS" starttime="20240426 20:33:24.008" endtime="20240426 20:33:24.008"/>
</kw>
<kw name="Output Should Contain" library="AppLibrary">
<arg>User registered successfully</arg>
<msg timestamp="20240426 20:33:24.009" level="FAIL">Output "User registered successfully" is not in []</msg>
<status status="FAIL" starttime="20240426 20:33:24.009" endtime="20240426 20:33:24.009"/>
</kw>
<status status="FAIL" starttime="20240426 20:33:24.005" endtime="20240426 20:33:24.009">Output "User registered successfully" is not in []</status>
</test>
<status status="FAIL" starttime="20240426 20:33:23.970" endtime="20240426 20:33:24.009"/>
</suite>
<status status="FAIL" starttime="20240426 20:33:23.908" endtime="20240426 20:33:24.010"/>
</suite>
<statistics>
<total>
<stat pass="3" fail="6" skip="0">All Tests</stat>
</total>
<tag>
</tag>
<suite>
<stat pass="3" fail="6" skip="0" id="s1" name="Tests">Tests</stat>
<stat pass="3" fail="0" skip="0" id="s1-s1" name="Login">Tests.Login</stat>
<stat pass="0" fail="6" skip="0" id="s1-s2" name="Register">Tests.Register</stat>
</suite>
</statistics>
<errors>
</errors>
</robot>
