<?xml version="1.0" encoding="UTF-8"?>
<robot generator="Robot 6.1.1 (Python 3.12.2 on darwin)" generated="20240426 20:52:37.070" rpa="false" schemaversion="4">
<suite id="s1" name="Tests" source="/Users/laura/kurssit/ohjelmistotuotanto/palautusrepositorio/osa3/login-robot/src/tests">
<suite id="s1-s1" name="Login" source="/Users/laura/kurssit/ohjelmistotuotanto/palautusrepositorio/osa3/login-robot/src/tests/login.robot">
<test id="s1-s1-t1" name="Login With Correct Credentials" line="6">
<kw name="Create User And Input Login Command" type="SETUP">
<kw name="Create User" library="AppLibrary">
<arg>kalle</arg>
<arg>kalle123</arg>
<status status="PASS" starttime="20240426 20:52:37.110" endtime="20240426 20:52:37.110"/>
</kw>
<kw name="Input Login Command" library="resource">
<kw name="Input" library="AppLibrary">
<arg>login</arg>
<status status="PASS" starttime="20240426 20:52:37.111" endtime="20240426 20:52:37.111"/>
</kw>
<status status="PASS" starttime="20240426 20:52:37.110" endtime="20240426 20:52:37.111"/>
</kw>
<status status="PASS" starttime="20240426 20:52:37.109" endtime="20240426 20:52:37.111"/>
</kw>
<kw name="Input Credentials" library="resource">
<arg>kalle</arg>
<arg>kalle123</arg>
<kw name="Input" library="AppLibrary">
<arg>${username}</arg>
<status status="PASS" starttime="20240426 20:52:37.111" endtime="20240426 20:52:37.112"/>
</kw>
<kw name="Input" library="AppLibrary">
<arg>${password}</arg>
<status status="PASS" starttime="20240426 20:52:37.112" endtime="20240426 20:52:37.112"/>
</kw>
<kw name="Run Application" library="AppLibrary">
<status status="PASS" starttime="20240426 20:52:37.112" endtime="20240426 20:52:37.112"/>
</kw>
<status status="PASS" starttime="20240426 20:52:37.111" endtime="20240426 20:52:37.112"/>
</kw>
<kw name="Output Should Contain" library="AppLibrary">
<arg>Logged in</arg>
<status status="PASS" starttime="20240426 20:52:37.112" endtime="20240426 20:52:37.112"/>
</kw>
<status status="PASS" starttime="20240426 20:52:37.109" endtime="20240426 20:52:37.112"/>
</test>
<test id="s1-s1-t2" name="Login With Incorrect Password" line="10">
<kw name="Create User And Input Login Command" type="SETUP">
<kw name="Create User" library="AppLibrary">
<arg>kalle</arg>
<arg>kalle123</arg>
<status status="PASS" starttime="20240426 20:52:37.113" endtime="20240426 20:52:37.113"/>
</kw>
<kw name="Input Login Command" library="resource">
<kw name="Input" library="AppLibrary">
<arg>login</arg>
<status status="PASS" starttime="20240426 20:52:37.114" endtime="20240426 20:52:37.114"/>
</kw>
<status status="PASS" starttime="20240426 20:52:37.113" endtime="20240426 20:52:37.114"/>
</kw>
<status status="PASS" starttime="20240426 20:52:37.113" endtime="20240426 20:52:37.114"/>
</kw>
<kw name="Input Credentials" library="resource">
<arg>kalle</arg>
<arg>vaarasalasana1</arg>
<kw name="Input" library="AppLibrary">
<arg>${username}</arg>
<status status="PASS" starttime="20240426 20:52:37.115" endtime="20240426 20:52:37.115"/>
</kw>
<kw name="Input" library="AppLibrary">
<arg>${password}</arg>
<status status="PASS" starttime="20240426 20:52:37.115" endtime="20240426 20:52:37.115"/>
</kw>
<kw name="Run Application" library="AppLibrary">
<status status="PASS" starttime="20240426 20:52:37.115" endtime="20240426 20:52:37.115"/>
</kw>
<status status="PASS" starttime="20240426 20:52:37.114" endtime="20240426 20:52:37.115"/>
</kw>
<kw name="Output Should Contain" library="AppLibrary">
<arg>Invalid username or password</arg>
<status status="PASS" starttime="20240426 20:52:37.115" endtime="20240426 20:52:37.115"/>
</kw>
<status status="PASS" starttime="20240426 20:52:37.113" endtime="20240426 20:52:37.116"/>
</test>
<test id="s1-s1-t3" name="Login With Nonexistent Username" line="14">
<kw name="Create User And Input Login Command" type="SETUP">
<kw name="Create User" library="AppLibrary">
<arg>kalle</arg>
<arg>kalle123</arg>
<status status="PASS" starttime="20240426 20:52:37.116" endtime="20240426 20:52:37.117"/>
</kw>
<kw name="Input Login Command" library="resource">
<kw name="Input" library="AppLibrary">
<arg>login</arg>
<status status="PASS" starttime="20240426 20:52:37.117" endtime="20240426 20:52:37.117"/>
</kw>
<status status="PASS" starttime="20240426 20:52:37.117" endtime="20240426 20:52:37.117"/>
</kw>
<status status="PASS" starttime="20240426 20:52:37.116" endtime="20240426 20:52:37.117"/>
</kw>
<kw name="Input Credentials" library="resource">
<arg>eiolemassa</arg>
<arg>kalle123</arg>
<kw name="Input" library="AppLibrary">
<arg>${username}</arg>
<status status="PASS" starttime="20240426 20:52:37.117" endtime="20240426 20:52:37.118"/>
</kw>
<kw name="Input" library="AppLibrary">
<arg>${password}</arg>
<status status="PASS" starttime="20240426 20:52:37.118" endtime="20240426 20:52:37.118"/>
</kw>
<kw name="Run Application" library="AppLibrary">
<status status="PASS" starttime="20240426 20:52:37.118" endtime="20240426 20:52:37.118"/>
</kw>
<status status="PASS" starttime="20240426 20:52:37.117" endtime="20240426 20:52:37.118"/>
</kw>
<kw name="Output Should Contain" library="AppLibrary">
<arg>Invalid username or password</arg>
<status status="PASS" starttime="20240426 20:52:37.118" endtime="20240426 20:52:37.119"/>
</kw>
<status status="PASS" starttime="20240426 20:52:37.116" endtime="20240426 20:52:37.119"/>
</test>
<status status="PASS" starttime="20240426 20:52:37.101" endtime="20240426 20:52:37.119"/>
</suite>
<suite id="s1-s2" name="Register" source="/Users/laura/kurssit/ohjelmistotuotanto/palautusrepositorio/osa3/login-robot/src/tests/register.robot">
<test id="s1-s2-t1" name="Register With Valid Username And Password" line="6">
<kw name="Input New Command And Create User" type="SETUP">
<kw name="Create User" library="AppLibrary">
<arg>kalle</arg>
<arg>kalle123</arg>
<status status="PASS" starttime="20240426 20:52:37.123" endtime="20240426 20:52:37.123"/>
</kw>
<kw name="Input New Command" library="resource">
<kw name="Input" library="AppLibrary">
<arg>new</arg>
<status status="PASS" starttime="20240426 20:52:37.124" endtime="20240426 20:52:37.124"/>
</kw>
<status status="PASS" starttime="20240426 20:52:37.123" endtime="20240426 20:52:37.124"/>
</kw>
<status status="PASS" starttime="20240426 20:52:37.123" endtime="20240426 20:52:37.124"/>
</kw>
<kw name="Input Credentials" library="resource">
<arg>larppa</arg>
<arg>larppa123</arg>
<kw name="Input" library="AppLibrary">
<arg>${username}</arg>
<status status="PASS" starttime="20240426 20:52:37.124" endtime="20240426 20:52:37.124"/>
</kw>
<kw name="Input" library="AppLibrary">
<arg>${password}</arg>
<status status="PASS" starttime="20240426 20:52:37.124" endtime="20240426 20:52:37.124"/>
</kw>
<kw name="Run Application" library="AppLibrary">
<status status="PASS" starttime="20240426 20:52:37.125" endtime="20240426 20:52:37.125"/>
</kw>
<status status="PASS" starttime="20240426 20:52:37.124" endtime="20240426 20:52:37.125"/>
</kw>
<kw name="Output Should Contain" library="AppLibrary">
<arg>New user registered</arg>
<status status="PASS" starttime="20240426 20:52:37.125" endtime="20240426 20:52:37.125"/>
</kw>
<status status="PASS" starttime="20240426 20:52:37.122" endtime="20240426 20:52:37.125"/>
</test>
<test id="s1-s2-t2" name="Register With Already Taken Username And Valid Password" line="10">
<kw name="Input New Command And Create User" type="SETUP">
<kw name="Create User" library="AppLibrary">
<arg>kalle</arg>
<arg>kalle123</arg>
<status status="PASS" starttime="20240426 20:52:37.126" endtime="20240426 20:52:37.126"/>
</kw>
<kw name="Input New Command" library="resource">
<kw name="Input" library="AppLibrary">
<arg>new</arg>
<status status="PASS" starttime="20240426 20:52:37.126" endtime="20240426 20:52:37.127"/>
</kw>
<status status="PASS" starttime="20240426 20:52:37.126" endtime="20240426 20:52:37.127"/>
</kw>
<status status="PASS" starttime="20240426 20:52:37.126" endtime="20240426 20:52:37.127"/>
</kw>
<kw name="Input Credentials" library="resource">
<arg>kalle</arg>
<arg>larppa123</arg>
<kw name="Input" library="AppLibrary">
<arg>${username}</arg>
<status status="PASS" starttime="20240426 20:52:37.127" endtime="20240426 20:52:37.127"/>
</kw>
<kw name="Input" library="AppLibrary">
<arg>${password}</arg>
<status status="PASS" starttime="20240426 20:52:37.127" endtime="20240426 20:52:37.127"/>
</kw>
<kw name="Run Application" library="AppLibrary">
<status status="PASS" starttime="20240426 20:52:37.128" endtime="20240426 20:52:37.128"/>
</kw>
<status status="PASS" starttime="20240426 20:52:37.127" endtime="20240426 20:52:37.128"/>
</kw>
<kw name="Output Should Contain" library="AppLibrary">
<arg>User with username kalle already exists</arg>
<status status="PASS" starttime="20240426 20:52:37.128" endtime="20240426 20:52:37.128"/>
</kw>
<status status="PASS" starttime="20240426 20:52:37.125" endtime="20240426 20:52:37.128"/>
</test>
<test id="s1-s2-t3" name="Register With Too Short Username And Valid Password" line="14">
<kw name="Input New Command And Create User" type="SETUP">
<kw name="Create User" library="AppLibrary">
<arg>kalle</arg>
<arg>kalle123</arg>
<status status="PASS" starttime="20240426 20:52:37.129" endtime="20240426 20:52:37.129"/>
</kw>
<kw name="Input New Command" library="resource">
<kw name="Input" library="AppLibrary">
<arg>new</arg>
<status status="PASS" starttime="20240426 20:52:37.129" endtime="20240426 20:52:37.130"/>
</kw>
<status status="PASS" starttime="20240426 20:52:37.129" endtime="20240426 20:52:37.130"/>
</kw>
<status status="PASS" starttime="20240426 20:52:37.129" endtime="20240426 20:52:37.130"/>
</kw>
<kw name="Input Credentials" library="resource">
<arg>la</arg>
<arg>larppa123</arg>
<kw name="Input" library="AppLibrary">
<arg>${username}</arg>
<status status="PASS" starttime="20240426 20:52:37.130" endtime="20240426 20:52:37.130"/>
</kw>
<kw name="Input" library="AppLibrary">
<arg>${password}</arg>
<status status="PASS" starttime="20240426 20:52:37.130" endtime="20240426 20:52:37.130"/>
</kw>
<kw name="Run Application" library="AppLibrary">
<status status="PASS" starttime="20240426 20:52:37.130" endtime="20240426 20:52:37.131"/>
</kw>
<status status="PASS" starttime="20240426 20:52:37.130" endtime="20240426 20:52:37.131"/>
</kw>
<kw name="Output Should Contain" library="AppLibrary">
<arg>Username is too short</arg>
<status status="PASS" starttime="20240426 20:52:37.131" endtime="20240426 20:52:37.131"/>
</kw>
<status status="PASS" starttime="20240426 20:52:37.128" endtime="20240426 20:52:37.131"/>
</test>
<test id="s1-s2-t4" name="Register With Valid Username And Too Short Password" line="18">
<kw name="Input New Command And Create User" type="SETUP">
<kw name="Create User" library="AppLibrary">
<arg>kalle</arg>
<arg>kalle123</arg>
<status status="PASS" starttime="20240426 20:52:37.132" endtime="20240426 20:52:37.132"/>
</kw>
<kw name="Input New Command" library="resource">
<kw name="Input" library="AppLibrary">
<arg>new</arg>
<status status="PASS" starttime="20240426 20:52:37.132" endtime="20240426 20:52:37.133"/>
</kw>
<status status="PASS" starttime="20240426 20:52:37.132" endtime="20240426 20:52:37.133"/>
</kw>
<status status="PASS" starttime="20240426 20:52:37.132" endtime="20240426 20:52:37.133"/>
</kw>
<kw name="Input Credentials" library="resource">
<arg>larppa</arg>
<arg>ll23</arg>
<kw name="Input" library="AppLibrary">
<arg>${username}</arg>
<status status="PASS" starttime="20240426 20:52:37.133" endtime="20240426 20:52:37.133"/>
</kw>
<kw name="Input" library="AppLibrary">
<arg>${password}</arg>
<status status="PASS" starttime="20240426 20:52:37.133" endtime="20240426 20:52:37.134"/>
</kw>
<kw name="Run Application" library="AppLibrary">
<status status="PASS" starttime="20240426 20:52:37.134" endtime="20240426 20:52:37.134"/>
</kw>
<status status="PASS" starttime="20240426 20:52:37.133" endtime="20240426 20:52:37.134"/>
</kw>
<kw name="Output Should Contain" library="AppLibrary">
<arg>Password is too short</arg>
<status status="PASS" starttime="20240426 20:52:37.134" endtime="20240426 20:52:37.134"/>
</kw>
<status status="PASS" starttime="20240426 20:52:37.131" endtime="20240426 20:52:37.134"/>
</test>
<test id="s1-s2-t5" name="Register With Username Containing Else Than Letters And Valid Password" line="22">
<kw name="Input New Command And Create User" type="SETUP">
<kw name="Create User" library="AppLibrary">
<arg>kalle</arg>
<arg>kalle123</arg>
<status status="PASS" starttime="20240426 20:52:37.135" endtime="20240426 20:52:37.135"/>
</kw>
<kw name="Input New Command" library="resource">
<kw name="Input" library="AppLibrary">
<arg>new</arg>
<status status="PASS" starttime="20240426 20:52:37.136" endtime="20240426 20:52:37.136"/>
</kw>
<status status="PASS" starttime="20240426 20:52:37.136" endtime="20240426 20:52:37.136"/>
</kw>
<status status="PASS" starttime="20240426 20:52:37.135" endtime="20240426 20:52:37.136"/>
</kw>
<kw name="Input Credentials" library="resource">
<arg>larppa23</arg>
<arg>larppa123</arg>
<kw name="Input" library="AppLibrary">
<arg>${username}</arg>
<status status="PASS" starttime="20240426 20:52:37.137" endtime="20240426 20:52:37.137"/>
</kw>
<kw name="Input" library="AppLibrary">
<arg>${password}</arg>
<status status="PASS" starttime="20240426 20:52:37.137" endtime="20240426 20:52:37.137"/>
</kw>
<kw name="Run Application" library="AppLibrary">
<status status="PASS" starttime="20240426 20:52:37.137" endtime="20240426 20:52:37.137"/>
</kw>
<status status="PASS" starttime="20240426 20:52:37.136" endtime="20240426 20:52:37.137"/>
</kw>
<kw name="Output Should Contain" library="AppLibrary">
<arg>Username should contain only letters</arg>
<status status="PASS" starttime="20240426 20:52:37.137" endtime="20240426 20:52:37.137"/>
</kw>
<status status="PASS" starttime="20240426 20:52:37.134" endtime="20240426 20:52:37.138"/>
</test>
<test id="s1-s2-t6" name="Register With Valid Username And Long Enough Password Containing Only Letters" line="26">
<kw name="Input New Command And Create User" type="SETUP">
<kw name="Create User" library="AppLibrary">
<arg>kalle</arg>
<arg>kalle123</arg>
<status status="PASS" starttime="20240426 20:52:37.138" endtime="20240426 20:52:37.139"/>
</kw>
<kw name="Input New Command" library="resource">
<kw name="Input" library="AppLibrary">
<arg>new</arg>
<status status="PASS" starttime="20240426 20:52:37.139" endtime="20240426 20:52:37.139"/>
</kw>
<status status="PASS" starttime="20240426 20:52:37.139" endtime="20240426 20:52:37.139"/>
</kw>
<status status="PASS" starttime="20240426 20:52:37.138" endtime="20240426 20:52:37.139"/>
</kw>
<kw name="Input Credentials" library="resource">
<arg>larppa</arg>
<arg>larppaonparas</arg>
<kw name="Input" library="AppLibrary">
<arg>${username}</arg>
<status status="PASS" starttime="20240426 20:52:37.139" endtime="20240426 20:52:37.140"/>
</kw>
<kw name="Input" library="AppLibrary">
<arg>${password}</arg>
<status status="PASS" starttime="20240426 20:52:37.140" endtime="20240426 20:52:37.140"/>
</kw>
<kw name="Run Application" library="AppLibrary">
<status status="PASS" starttime="20240426 20:52:37.140" endtime="20240426 20:52:37.140"/>
</kw>
<status status="PASS" starttime="20240426 20:52:37.139" endtime="20240426 20:52:37.140"/>
</kw>
<kw name="Output Should Contain" library="AppLibrary">
<arg>Password should not contain only letters</arg>
<status status="PASS" starttime="20240426 20:52:37.140" endtime="20240426 20:52:37.140"/>
</kw>
<status status="PASS" starttime="20240426 20:52:37.138" endtime="20240426 20:52:37.140"/>
</test>
<status status="PASS" starttime="20240426 20:52:37.120" endtime="20240426 20:52:37.141"/>
</suite>
<status status="PASS" starttime="20240426 20:52:37.074" endtime="20240426 20:52:37.141"/>
</suite>
<statistics>
<total>
<stat pass="9" fail="0" skip="0">All Tests</stat>
</total>
<tag>
</tag>
<suite>
<stat pass="9" fail="0" skip="0" id="s1" name="Tests">Tests</stat>
<stat pass="3" fail="0" skip="0" id="s1-s1" name="Login">Tests.Login</stat>
<stat pass="6" fail="0" skip="0" id="s1-s2" name="Register">Tests.Register</stat>
</suite>
</statistics>
<errors>
</errors>
</robot>
